#
# A fatal error has been detected by the Java Runtime Environment:
#
#  SIGSEGV (0xb) at pc=0x768637e4, pid=5617, tid=1648227424
#
# JRE version: Java(TM) SE Runtime Environment (8.0_65-b17) (build 1.8.0_65-b17)
# Java VM: Java HotSpot(TM) Client VM (25.65-b01 mixed mode linux-arm )
# Problematic frame:
# V  [libjvm.so+0x4e07e4]
#
# Failed to write core dump. Core dumps have been disabled. To enable core dumping, try "ulimit -c unlimited" before starting Java again
#
# If you would like to submit a bug report, please visit:
#   http://bugreport.java.com/bugreport/crash.jsp
#

---------------  T H R E A D  ---------------

Current thread (0x629aa400):  JavaThread "hivemq-eventloop-child-6" [_thread_in_vm, id=5695, stack(0x62390000,0x623e0000)]

siginfo: si_signo: 11 (SIGSEGV), si_code: 1 (SEGV_MAPERR), si_addr: 0x00000002

Registers:
  r0  = 0x000623dd
  r1  = 0x00000001
  r2  = 0x00000000
  r3  = 0x629aa400
  r4  = 0x629aa400
  r5  = 0x76920fb8
  r6  = 0x00000002
  r7  = 0x00000000
  r8  = 0x623ddfe0
  r9  = 0x6534f058
  r10 = 0x629aa400
  fp  = 0x623ddf3c
  r12 = 0x00000004
  sp  = 0x623ddf28
  lr  = 0x768637c8
  pc  = 0x768637e4
  cpsr = 0x40000010

Top of Stack: (sp=0x623ddf28)
0x623ddf28:   00000000 74102f68 76863774 00000000
0x623ddf38:   623ddfcc 740d13fc 623ddf54 767f1e50
0x623ddf48:   62256300 623ddfa0 6268d768 6268d768
0x623ddf58:   6268bd20 76108500 00000001 623ddf74
0x623ddf68:   623ddf78 629aa400 629aa400 623ddf84
0x623ddf78:   623ddf88 6268d8a0 00000001 623ddf94
0x623ddf88:   623ddf98 629aa400 623ddfbc 623ddfbc
0x623ddf98:   623de044 740d70f8 740c7688 00000000 

Instructions: (pc=0x768637e4)
0x768637c4:   ebfca493 e59f3048 e1a00620 e7953003
0x768637d4:   e3a01001 e7933100 e3a02000 e5c31190
0x768637e4:   e5d65000 e5c32190 e5940028 ebf06afa
0x768637f4:   e6ef5075 e1a00004 e3a01006 e3a02004 

Register to memory mapping:

  r0  = 0x000623dd
0x000623dd is an unknown value

  r1  = 0x00000001
0x00000001 is an unknown value

  r2  = 0x00000000
0x00000000 is an unknown value

  r3  = 0x629aa400
0x629aa400 is a thread

  r4  = 0x629aa400
0x629aa400 is a thread

  r5  = 0x76920fb8
0x76920fb8: <offset 0x59dfb8> in /usr/lib/jvm/jdk-8-oracle-arm32-vfp-hflt/jre/lib/arm/client/libjvm.so at 0x76383000

  r6  = 0x00000002
0x00000002 is an unknown value

  r7  = 0x00000000
0x00000000 is an unknown value

  r8  = 0x623ddfe0
0x623ddfe0 is pointing into the stack for thread: 0x629aa400

  r9  = 0x6534f058
{method} {0x6534f058} 'getByte' '(J)B' in 'sun/misc/Unsafe'

  r10 = 0x629aa400
0x629aa400 is a thread

  fp  = 0x623ddf3c
0x623ddf3c is pointing into the stack for thread: 0x629aa400

  r12 = 0x00000004
0x00000004 is an unknown value

  sp  = 0x623ddf28
0x623ddf28 is pointing into the stack for thread: 0x629aa400

  lr  = 0x768637c8
0x768637c8: <offset 0x4e07c8> in /usr/lib/jvm/jdk-8-oracle-arm32-vfp-hflt/jre/lib/arm/client/libjvm.so at 0x76383000

  pc  = 0x768637e4
0x768637e4: <offset 0x4e07e4> in /usr/lib/jvm/jdk-8-oracle-arm32-vfp-hflt/jre/lib/arm/client/libjvm.so at 0x76383000



Stack: [0x62390000,0x623e0000],  sp=0x623ddf28,  free space=311k
Native frames: (J=compiled Java code, j=interpreted, Vv=VM code, C=native code)
V  [libjvm.so+0x4e07e4]

Java frames: (J=compiled Java code, j=interpreted, Vv=VM code)
j  sun.misc.Unsafe.getByte(J)B+0
j  io.netty.util.internal.PlatformDependent0.getByte(J)B+4
j  io.netty.util.internal.PlatformDependent.getByte(J)B+1
j  io.netty.buffer.UnsafeByteBufUtil.getShort([BI)S+29
j  io.netty.buffer.UnpooledUnsafeHeapByteBuf._getShort(I)S+5
j  io.netty.buffer.SlicedAbstractByteBuf._getShort(I)S+9
j  io.netty.buffer.AbstractByteBuf.readShort()S+10
j  io.netty.buffer.AbstractByteBuf.readUnsignedShort()I+1
j  cB.q.a(Lio/netty/buffer/ByteBuf;)Ljava/lang/String;+16
j  al.e.a(Lio/netty/buffer/ByteBuf;)Z+3
j  al.e.a(Lio/netty/channel/Channel;Lio/netty/buffer/ByteBuf;B)Lcom/hivemq/spi/message/CONNECT;+64
j  al.f.a(Lio/netty/channel/Channel;Lio/netty/buffer/ByteBuf;B)Lcom/hivemq/spi/message/CONNECT;+214
j  al.c.decode(Lio/netty/channel/ChannelHandlerContext;Lio/netty/buffer/ByteBuf;Ljava/util/List;)V+366
j  io.netty.handler.codec.ByteToMessageDecoder.callDecode(Lio/netty/channel/ChannelHandlerContext;Lio/netty/buffer/ByteBuf;Ljava/util/List;)V+58
j  io.netty.handler.codec.ByteToMessageDecoder.channelRead(Lio/netty/channel/ChannelHandlerContext;Ljava/lang/Object;)V+81
j  io.netty.channel.AbstractChannelHandlerContext.invokeChannelRead(Ljava/lang/Object;)V+9
j  io.netty.channel.AbstractChannelHandlerContext.fireChannelRead(Ljava/lang/Object;)Lio/netty/channel/ChannelHandlerContext;+42
j  io.netty.handler.traffic.AbstractTrafficShapingHandler.channelRead(Lio/netty/channel/ChannelHandlerContext;Ljava/lang/Object;)V+321
j  io.netty.channel.AbstractChannelHandlerContext.invokeChannelRead(Ljava/lang/Object;)V+9
j  io.netty.channel.AbstractChannelHandlerContext.fireChannelRead(Ljava/lang/Object;)Lio/netty/channel/ChannelHandlerContext;+42
j  io.netty.handler.traffic.AbstractTrafficShapingHandler.channelRead(Lio/netty/channel/ChannelHandlerContext;Ljava/lang/Object;)V+321
j  io.netty.channel.AbstractChannelHandlerContext.invokeChannelRead(Ljava/lang/Object;)V+9
j  io.netty.channel.AbstractChannelHandlerContext.fireChannelRead(Ljava/lang/Object;)Lio/netty/channel/ChannelHandlerContext;+42
j  io.netty.channel.ChannelInboundHandlerAdapter.channelRead(Lio/netty/channel/ChannelHandlerContext;Ljava/lang/Object;)V+2
j  io.netty.channel.AbstractChannelHandlerContext.invokeChannelRead(Ljava/lang/Object;)V+9
j  io.netty.channel.AbstractChannelHandlerContext.fireChannelRead(Ljava/lang/Object;)Lio/netty/channel/ChannelHandlerContext;+42
j  io.netty.handler.codec.ByteToMessageDecoder.handlerRemoved(Lio/netty/channel/ChannelHandlerContext;)V+29
j  io.netty.channel.DefaultChannelPipeline.callHandlerRemoved0(Lio/netty/channel/AbstractChannelHandlerContext;)V+5
j  io.netty.channel.DefaultChannelPipeline.callHandlerRemoved(Lio/netty/channel/AbstractChannelHandlerContext;)V+28
j  io.netty.channel.DefaultChannelPipeline.remove0(Lio/netty/channel/AbstractChannelHandlerContext;)V+22
j  io.netty.channel.DefaultChannelPipeline.remove(Lio/netty/channel/AbstractChannelHandlerContext;)Lio/netty/channel/AbstractChannelHandlerContext;+44
j  io.netty.channel.DefaultChannelPipeline.remove(Lio/netty/channel/ChannelHandler;)Lio/netty/channel/ChannelPipeline;+6
j  ct.a.decode(Lio/netty/channel/ChannelHandlerContext;Lio/netty/buffer/ByteBuf;Ljava/util/List;)V+45
j  io.netty.handler.codec.ByteToMessageDecoder.callDecode(Lio/netty/channel/ChannelHandlerContext;Lio/netty/buffer/ByteBuf;Ljava/util/List;)V+58
j  io.netty.handler.codec.ByteToMessageDecoder.channelRead(Lio/netty/channel/ChannelHandlerContext;Ljava/lang/Object;)V+81
j  io.netty.channel.AbstractChannelHandlerContext.invokeChannelRead(Ljava/lang/Object;)V+9
j  io.netty.channel.AbstractChannelHandlerContext.fireChannelRead(Ljava/lang/Object;)Lio/netty/channel/ChannelHandlerContext;+42
j  io.netty.channel.ChannelInboundHandlerAdapter.channelRead(Lio/netty/channel/ChannelHandlerContext;Ljava/lang/Object;)V+2
j  io.netty.channel.AbstractChannelHandlerContext.invokeChannelRead(Ljava/lang/Object;)V+9
j  io.netty.channel.AbstractChannelHandlerContext.fireChannelRead(Ljava/lang/Object;)Lio/netty/channel/ChannelHandlerContext;+42
j  io.netty.handler.timeout.IdleStateHandler.channelRead(Lio/netty/channel/ChannelHandlerContext;Ljava/lang/Object;)V+35
j  io.netty.channel.AbstractChannelHandlerContext.invokeChannelRead(Ljava/lang/Object;)V+9
j  io.netty.channel.AbstractChannelHandlerContext.fireChannelRead(Ljava/lang/Object;)Lio/netty/channel/ChannelHandlerContext;+42
j  io.netty.channel.DefaultChannelPipeline.fireChannelRead(Ljava/lang/Object;)Lio/netty/channel/ChannelPipeline;+5
j  io.netty.channel.nio.AbstractNioByteChannel$NioByteUnsafe.read()V+175
j  io.netty.channel.nio.NioEventLoop.processSelectedKey(Ljava/nio/channels/SelectionKey;Lio/netty/channel/nio/AbstractNioChannel;)V+42
j  io.netty.channel.nio.NioEventLoop.processSelectedKeysOptimized([Ljava/nio/channels/SelectionKey;)V+37
j  io.netty.channel.nio.NioEventLoop.processSelectedKeys()V+15
j  io.netty.channel.nio.NioEventLoop.run()V+84
j  io.netty.util.concurrent.SingleThreadEventExecutor$2.run()V+13
j  java.lang.Thread.run()V+11
v  ~StubRoutines::call_stub

---------------  P R O C E S S  ---------------

Java Threads: ( => current thread )
  0x64c0f000 JavaThread "threadDeathWatcher-2-1" daemon [_thread_blocked, id=5697, stack(0x621f0000,0x62240000)]
  0x64c0bc00 JavaThread "hivemq-event-executor-0" [_thread_blocked, id=5696, stack(0x62340000,0x62390000)]
=>0x629aa400 JavaThread "hivemq-eventloop-child-6" [_thread_in_vm, id=5695, stack(0x62390000,0x623e0000)]
  0x6450c800 JavaThread "hivemq-eventloop-child-5" [_thread_in_native, id=5694, stack(0x623e0000,0x62430000)]
  0x64c06400 JavaThread "hivemq-eventloop-child-4" [_thread_in_native, id=5693, stack(0x62430000,0x62480000)]
  0x64d0d800 JavaThread "Timer-3,<CLUSTER>,<ADDR>" daemon [_thread_blocked, id=5692, stack(0x62480000,0x624d0000)]
  0x76107400 JavaThread "DestroyJavaVM" [_thread_blocked, id=5618, stack(0x762b8000,0x76308000)]
  0x629a9800 JavaThread "hivemq-update-check-0" [_thread_blocked, id=5691, stack(0x624d0000,0x62520000)]
  0x6299e400 JavaThread "plugin-executor-0" [_thread_blocked, id=5690, stack(0x62520000,0x62570000)]
  0x6298d400 JavaThread "hivemq-eventloop-parent-0" [_thread_in_native, id=5689, stack(0x62570000,0x625c0000)]
  0x64d0c800 JavaThread "Timer-2,<CLUSTER>,<ADDR>" daemon [_thread_blocked, id=5687, stack(0x626c0000,0x62710000)]
  0x64900c00 JavaThread "hivemq-eventloop-child-3" [_thread_in_native, id=5686, stack(0x62710000,0x62760000)]
  0x62951400 JavaThread "Timer runner-1,<CLUSTER>,<ADDR>" daemon [_thread_blocked, id=5684, stack(0x62760000,0x627b0000)]
  0x019ef800 JavaThread "hivemq-eventloop-child-2" [_thread_in_native, id=5683, stack(0x628b0000,0x62900000)]
  0x64505000 JavaThread "Thread-10" daemon [_thread_in_native, id=5682, stack(0x62b00000,0x62b50000)]
  0x631a3000 JavaThread "hivemq-directory-monitor-0" [_thread_blocked, id=5681, stack(0x62b50000,0x62ba0000)]
  0x64c04c00 JavaThread "hivemq-eventloop-child-1" [_thread_in_native, id=5680, stack(0x62ba0000,0x62bf0000)]
  0x63116400 JavaThread "cluster-scheduler-0,wkt1A" [_thread_blocked, id=5679, stack(0x62bf0000,0x62c40000)]
  0x63110800 JavaThread "cluster-executor-0,wkt1A" [_thread_blocked, id=5678, stack(0x62c40000,0x62c90000)]
  0x6310b400 JavaThread "client-session-writer-1" [_thread_blocked, id=5677, stack(0x62c90000,0x62ce0000)]
  0x6310a400 JavaThread "client-session-writer-0" [_thread_blocked, id=5676, stack(0x62ce0000,0x62d30000)]
  0x7618f800 JavaThread "client-session-subscription-writer" [_thread_blocked, id=5675, stack(0x62d30000,0x62d80000)]
  0x7618c000 JavaThread "message-queue-writer" [_thread_blocked, id=5674, stack(0x62e80000,0x62ed0000)]
  0x7618a800 JavaThread "outgoing-message-flow-writer" [_thread_blocked, id=5673, stack(0x62ed0000,0x62f20000)]
  0x76188c00 JavaThread "global-traffic-shaper-executor-0" [_thread_blocked, id=5672, stack(0x62f20000,0x62f70000)]
  0x642d7000 JavaThread "retained-message-writer-1" [_thread_blocked, id=5671, stack(0x62f70000,0x62fc0000)]
  0x642d6400 JavaThread "retained-message-writer-0" [_thread_blocked, id=5670, stack(0x62fc0000,0x63010000)]
  0x642d0000 JavaThread "hivemq-eventloop-child-0" [_thread_in_native, id=5669, stack(0x63010000,0x63060000)]
  0x63169400 JavaThread "Exodus shared background cleaner" daemon [_thread_blocked, id=5668, stack(0x63060000,0x630b0000)]
  0x63157400 JavaThread "Exodus shared deferred I/O job processor" daemon [_thread_blocked, id=5667, stack(0x630b0000,0x63100000)]
  0x63151400 JavaThread "threadJobProcessorPoolSpawner" daemon [_thread_blocked, id=5666, stack(0x64330000,0x64380000)]
  0x639cec00 JavaThread "Timer-0" daemon [_thread_blocked, id=5626, stack(0x64630000,0x64680000)]
  0x76182800 JavaThread "Service Thread" daemon [_thread_blocked, id=5624, stack(0x64830000,0x64880000)]
  0x7617f400 JavaThread "C1 CompilerThread0" daemon [_thread_blocked, id=5623, stack(0x64880000,0x64900000)]
  0x7617dc00 JavaThread "Signal Dispatcher" daemon [_thread_blocked, id=5622, stack(0x64a27000,0x64a77000)]
  0x76162000 JavaThread "Finalizer" daemon [_thread_blocked, id=5621, stack(0x64f4f000,0x64f9f000)]
  0x76160800 JavaThread "Reference Handler" daemon [_thread_blocked, id=5620, stack(0x64f9f000,0x64fef000)]

Other Threads:
  0x7615d800 VMThread [stack: 0x64fef000,0x6506f000] [id=5619]
  0x76184800 WatcherThread [stack: 0x64680000,0x64700000] [id=5625]

VM state:not at safepoint (normal execution)

VM Mutex/Monitor currently owned by a thread: None

Heap:
 def new generation   total 24960K, used 11266K [0x65800000, 0x67300000, 0x6a540000)
  eden space 22272K,  38% used [0x65800000, 0x66060a10, 0x66dc0000)
  from space 2688K, 100% used [0x67060000, 0x67300000, 0x67300000)
  to   space 2688K,   0% used [0x66dc0000, 0x66dc0000, 0x67060000)
 tenured generation   total 55216K, used 34917K [0x6a540000, 0x6db2c000, 0x74000000)
   the space 55216K,  63% used [0x6a540000, 0x6c7594b0, 0x6c759600, 0x6db2c000)
 Metaspace       used 17556K, capacity 17770K, committed 17792K, reserved 18736K

Card table byte_map: [0x6578b000,0x65800000] byte_map_base: 0x6545f000

Polling page: 0x76f73000

CodeCache: size=32768Kb used=2137Kb max_used=2137Kb free=30630Kb
 bounds [0x740c5000, 0x742dd000, 0x760c5000]
 total_blobs=1405 nmethods=1212 adapters=124
 compilation: enabled

Compilation events (10 events):
Event: 18.524 Thread 0x7617f400 1229             java.util.Calendar::internalSet (8 bytes)
Event: 18.525 Thread 0x7617f400 nmethod 1229 0x742dab48 code [0x742dac30, 0x742dacd8]
Event: 19.145 Thread 0x7617f400 1230             java.lang.CharacterDataLatin1::isJavaIdentifierPart (20 bytes)
Event: 19.146 Thread 0x7617f400 nmethod 1230 0x742daec8 code [0x742dafb0, 0x742db078]
Event: 19.284 Thread 0x7617f400 1231             com.google.common.collect.Iterators$1::hasNext (2 bytes)
Event: 19.285 Thread 0x7617f400 nmethod 1231 0x742db308 code [0x742db3e0, 0x742db468]
Event: 19.288 Thread 0x7617f400 1232             io.netty.channel.DefaultChannelPipeline::context0 (39 bytes)
Event: 19.290 Thread 0x7617f400 nmethod 1232 0x742db4c8 code [0x742db5c0, 0x742db6f4]
Event: 19.292 Thread 0x7617f400 1233             io.netty.channel.AbstractChannelHandlerContext::name (5 bytes)
Event: 19.293 Thread 0x7617f400 nmethod 1233 0x742db808 code [0x742db8e0, 0x742db968]

GC Heap History (10 events):
Event: 11.758 GC heap before
{Heap before GC invocations=17 (full 1):
 def new generation   total 6400K, used 6400K [0x65800000, 0x65ee0000, 0x6a540000)
  eden space 5760K, 100% used [0x65800000, 0x65da0000, 0x65da0000)
  from space 640K, 100% used [0x65e40000, 0x65ee0000, 0x65ee0000)
  to   space 640K,   0% used [0x65da0000, 0x65da0000, 0x65e40000)
 tenured generation   total 13824K, used 9861K [0x6a540000, 0x6b2c0000, 0x74000000)
   the space 13824K,  71% used [0x6a540000, 0x6aee1498, 0x6aee1600, 0x6b2c0000)
 Metaspace       used 13163K, capacity 13381K, committed 13440K, reserved 13616K
Event: 11.814 GC heap after
Heap after GC invocations=18 (full 1):
 def new generation   total 6400K, used 640K [0x65800000, 0x65ee0000, 0x6a540000)
  eden space 5760K,   0% used [0x65800000, 0x65800000, 0x65da0000)
  from space 640K, 100% used [0x65da0000, 0x65e40000, 0x65e40000)
  to   space 640K,   0% used [0x65e40000, 0x65e40000, 0x65ee0000)
 tenured generation   total 13824K, used 12198K [0x6a540000, 0x6b2c0000, 0x74000000)
   the space 13824K,  88% used [0x6a540000, 0x6b129ad8, 0x6b129c00, 0x6b2c0000)
 Metaspace       used 13163K, capacity 13381K, committed 13440K, reserved 13616K
}
Event: 12.179 GC heap before
{Heap before GC invocations=18 (full 1):
 def new generation   total 6400K, used 6400K [0x65800000, 0x65ee0000, 0x6a540000)
  eden space 5760K, 100% used [0x65800000, 0x65da0000, 0x65da0000)
  from space 640K, 100% used [0x65da0000, 0x65e40000, 0x65e40000)
  to   space 640K,   0% used [0x65e40000, 0x65e40000, 0x65ee0000)
 tenured generation   total 13824K, used 12198K [0x6a540000, 0x6b2c0000, 0x74000000)
   the space 13824K,  88% used [0x6a540000, 0x6b129ad8, 0x6b129c00, 0x6b2c0000)
 Metaspace       used 13241K, capacity 13445K, committed 13568K, reserved 13616K
Event: 12.749 GC heap after
Heap after GC invocations=19 (full 2):
 def new generation   total 11904K, used 0K [0x65800000, 0x664e0000, 0x6a540000)
  eden space 10624K,   0% used [0x65800000, 0x65800000, 0x66260000)
  from space 1280K,   0% used [0x66260000, 0x66260000, 0x663a0000)
  to   space 1280K,   0% used [0x663a0000, 0x663a0000, 0x664e0000)
 tenured generation   total 26144K, used 15685K [0x6a540000, 0x6bec8000, 0x74000000)
   the space 26144K,  59% used [0x6a540000, 0x6b4915a0, 0x6b491600, 0x6bec8000)
 Metaspace       used 13234K, capacity 13433K, committed 13568K, reserved 13616K
}
Event: 13.107 GC heap before
{Heap before GC invocations=19 (full 2):
 def new generation   total 11904K, used 10624K [0x65800000, 0x664e0000, 0x6a540000)
  eden space 10624K, 100% used [0x65800000, 0x66260000, 0x66260000)
  from space 1280K,   0% used [0x66260000, 0x66260000, 0x663a0000)
  to   space 1280K,   0% used [0x663a0000, 0x663a0000, 0x664e0000)
 tenured generation   total 26144K, used 15685K [0x6a540000, 0x6bec8000, 0x74000000)
   the space 26144K,  59% used [0x6a540000, 0x6b4915a0, 0x6b491600, 0x6bec8000)
 Metaspace       used 13234K, capacity 13433K, committed 13568K, reserved 13616K
Event: 13.384 GC heap after
Heap after GC invocations=20 (full 2):
 def new generation   total 11904K, used 1280K [0x65800000, 0x664e0000, 0x6a540000)
  eden space 10624K,   0% used [0x65800000, 0x65800000, 0x66260000)
  from space 1280K, 100% used [0x663a0000, 0x664e0000, 0x664e0000)
  to   space 1280K,   0% used [0x66260000, 0x66260000, 0x663a0000)
 tenured generation   total 26144K, used 25028K [0x6a540000, 0x6bec8000, 0x74000000)
   the space 26144K,  95% used [0x6a540000, 0x6bdb1210, 0x6bdb1400, 0x6bec8000)
 Metaspace       used 13234K, capacity 13433K, committed 13568K, reserved 13616K
}
Event: 14.967 GC heap before
{Heap before GC invocations=20 (full 2):
 def new generation   total 11904K, used 11904K [0x65800000, 0x664e0000, 0x6a540000)
  eden space 10624K, 100% used [0x65800000, 0x66260000, 0x66260000)
  from space 1280K, 100% used [0x663a0000, 0x664e0000, 0x664e0000)
  to   space 1280K,   0% used [0x66260000, 0x66260000, 0x663a0000)
 tenured generation   total 26144K, used 25028K [0x6a540000, 0x6bec8000, 0x74000000)
   the space 26144K,  95% used [0x6a540000, 0x6bdb1210, 0x6bdb1400, 0x6bec8000)
 Metaspace       used 13310K, capacity 13497K, committed 13568K, reserved 13616K
Event: 15.784 GC heap after
Heap after GC invocations=21 (full 3):
 def new generation   total 24960K, used 0K [0x65800000, 0x67300000, 0x6a540000)
  eden space 22272K,   0% used [0x65800000, 0x65800000, 0x66dc0000)
  from space 2688K,   0% used [0x66dc0000, 0x66dc0000, 0x67060000)
  to   space 2688K,   0% used [0x67060000, 0x67060000, 0x67300000)
 tenured generation   total 55216K, used 33129K [0x6a540000, 0x6db2c000, 0x74000000)
   the space 55216K,  59% used [0x6a540000, 0x6c59a4a0, 0x6c59a600, 0x6db2c000)
 Metaspace       used 13308K, capacity 13494K, committed 13568K, reserved 13616K
}
Event: 18.056 GC heap before
{Heap before GC invocations=21 (full 3):
 def new generation   total 24960K, used 22272K [0x65800000, 0x67300000, 0x6a540000)
  eden space 22272K, 100% used [0x65800000, 0x66dc0000, 0x66dc0000)
  from space 2688K,   0% used [0x66dc0000, 0x66dc0000, 0x67060000)
  to   space 2688K,   0% used [0x67060000, 0x67060000, 0x67300000)
 tenured generation   total 55216K, used 33129K [0x6a540000, 0x6db2c000, 0x74000000)
   the space 55216K,  59% used [0x6a540000, 0x6c59a4a0, 0x6c59a600, 0x6db2c000)
 Metaspace       used 16272K, capacity 16492K, committed 16512K, reserved 16688K
Event: 18.120 GC heap after
Heap after GC invocations=22 (full 3):
 def new generation   total 24960K, used 2688K [0x65800000, 0x67300000, 0x6a540000)
  eden space 22272K,   0% used [0x65800000, 0x65800000, 0x66dc0000)
  from space 2688K, 100% used [0x67060000, 0x67300000, 0x67300000)
  to   space 2688K,   0% used [0x66dc0000, 0x66dc0000, 0x67060000)
 tenured generation   total 55216K, used 34917K [0x6a540000, 0x6db2c000, 0x74000000)
   the space 55216K,  63% used [0x6a540000, 0x6c7594b0, 0x6c759600, 0x6db2c000)
 Metaspace       used 16272K, capacity 16492K, committed 16512K, reserved 16688K
}

Deoptimization events (0 events):
No events

Internal exceptions (10 events):
Event: 19.202 Thread 0x629aa400 Exception <a 'java/lang/ArrayIndexOutOfBoundsException'> (0x65ef2c28) thrown at [/HUDSON/workspace/8-2-build-glinux-arm-vfp-hflt/jdk8u65/4987/hotspot/src/share/vm/runtime/sharedRuntime.cpp, line 605]
Event: 19.211 Thread 0x629aa400 Exception <a 'java/lang/ArrayIndexOutOfBoundsException'> (0x65f00fb8) thrown at [/HUDSON/workspace/8-2-build-glinux-arm-vfp-hflt/jdk8u65/4987/hotspot/src/share/vm/runtime/sharedRuntime.cpp, line 605]
Event: 19.211 Thread 0x629aa400 Exception <a 'java/lang/ArrayIndexOutOfBoundsException'> (0x65f01b28) thrown at [/HUDSON/workspace/8-2-build-glinux-arm-vfp-hflt/jdk8u65/4987/hotspot/src/share/vm/runtime/sharedRuntime.cpp, line 605]
Event: 19.218 Thread 0x629aa400 Exception <a 'java/lang/ArrayIndexOutOfBoundsException'> (0x65f0d450) thrown at [/HUDSON/workspace/8-2-build-glinux-arm-vfp-hflt/jdk8u65/4987/hotspot/src/share/vm/runtime/sharedRuntime.cpp, line 605]
Event: 19.224 Thread 0x629aa400 Exception <a 'java/lang/ArrayIndexOutOfBoundsException'> (0x65f19240) thrown at [/HUDSON/workspace/8-2-build-glinux-arm-vfp-hflt/jdk8u65/4987/hotspot/src/share/vm/runtime/sharedRuntime.cpp, line 605]
Event: 19.231 Thread 0x629aa400 Exception <a 'java/lang/ArrayIndexOutOfBoundsException'> (0x65f25160) thrown at [/HUDSON/workspace/8-2-build-glinux-arm-vfp-hflt/jdk8u65/4987/hotspot/src/share/vm/runtime/sharedRuntime.cpp, line 605]
Event: 19.237 Thread 0x629aa400 Exception <a 'java/lang/ArrayIndexOutOfBoundsException'> (0x65f310c8) thrown at [/HUDSON/workspace/8-2-build-glinux-arm-vfp-hflt/jdk8u65/4987/hotspot/src/share/vm/runtime/sharedRuntime.cpp, line 605]
Event: 19.244 Thread 0x629aa400 Exception <a 'java/lang/ArrayIndexOutOfBoundsException'> (0x65f3cbb0) thrown at [/HUDSON/workspace/8-2-build-glinux-arm-vfp-hflt/jdk8u65/4987/hotspot/src/share/vm/runtime/sharedRuntime.cpp, line 605]
Event: 19.246 Thread 0x629aa400 Exception <a 'java/lang/ArrayIndexOutOfBoundsException'> (0x65f40220) thrown at [/HUDSON/workspace/8-2-build-glinux-arm-vfp-hflt/jdk8u65/4987/hotspot/src/share/vm/runtime/sharedRuntime.cpp, line 605]
Event: 19.254 Thread 0x629aa400 Exception <a 'java/lang/ArrayIndexOutOfBoundsException'> (0x65f4d428) thrown at [/HUDSON/workspace/8-2-build-glinux-arm-vfp-hflt/jdk8u65/4987/hotspot/src/share/vm/runtime/sharedRuntime.cpp, line 605]

Events (10 events):
Event: 19.463 loading class al/c$1
Event: 19.463 loading class al/c$1 done
Event: 19.464 loading class com/hivemq/spi/message/MessageType
Event: 19.464 loading class com/hivemq/spi/message/MessageType done
Event: 19.466 loading class com/hivemq/spi/message/ProtocolVersion
Event: 19.466 loading class com/hivemq/spi/message/ProtocolVersion done
Event: 19.468 loading class cB/b
Event: 19.468 loading class cB/b done
Event: 19.470 loading class cB/q
Event: 19.470 loading class cB/q done


Dynamic libraries:
00008000-00009000 r-xp 00000000 b3:07 169868     /usr/lib/jvm/jdk-8-oracle-arm32-vfp-hflt/jre/bin/java
00010000-00011000 rw-p 00000000 b3:07 169868     /usr/lib/jvm/jdk-8-oracle-arm32-vfp-hflt/jre/bin/java
019ee000-01a0f000 rw-p 00000000 00:00 0          [heap]
611ef000-621f0000 rw-p 00000000 00:00 0 
621f0000-621f3000 ---p 00000000 00:00 0 
621f3000-62240000 rwxp 00000000 00:00 0          [stack:5697]
62240000-62260000 rw-p 00000000 00:00 0 
62260000-62340000 ---p 00000000 00:00 0 
62340000-62343000 ---p 00000000 00:00 0 
62343000-62390000 rwxp 00000000 00:00 0          [stack:5696]
62390000-62393000 ---p 00000000 00:00 0 
62393000-623e0000 rwxp 00000000 00:00 0          [stack:5695]
623e0000-623e3000 ---p 00000000 00:00 0 
623e3000-62430000 rwxp 00000000 00:00 0          [stack:5694]
62430000-62433000 ---p 00000000 00:00 0 
62433000-62480000 rwxp 00000000 00:00 0          [stack:5693]
62480000-62483000 ---p 00000000 00:00 0 
62483000-624d0000 rwxp 00000000 00:00 0          [stack:5692]
624d0000-624d3000 ---p 00000000 00:00 0 
624d3000-62520000 rwxp 00000000 00:00 0          [stack:5691]
62520000-62523000 ---p 00000000 00:00 0 
62523000-62570000 rwxp 00000000 00:00 0          [stack:5690]
62570000-62573000 ---p 00000000 00:00 0 
62573000-625c0000 rwxp 00000000 00:00 0          [stack:5689]
625c0000-626c0000 rw-p 00000000 00:00 0 
626c0000-626c3000 ---p 00000000 00:00 0 
626c3000-62710000 rwxp 00000000 00:00 0          [stack:5687]
62710000-62713000 ---p 00000000 00:00 0 
62713000-62760000 rwxp 00000000 00:00 0          [stack:5686]
62760000-62763000 ---p 00000000 00:00 0 
62763000-627b0000 rwxp 00000000 00:00 0          [stack:5684]
627b0000-628b0000 rw-p 00000000 00:00 0 
628b0000-628b3000 ---p 00000000 00:00 0 
628b3000-62900000 rwxp 00000000 00:00 0          [stack:5683]
62900000-629ac000 rw-p 00000000 00:00 0 
629ac000-62a00000 ---p 00000000 00:00 0 
62a00000-62b00000 rw-p 00000000 00:00 0 
62b00000-62b03000 ---p 00000000 00:00 0 
62b03000-62b50000 rwxp 00000000 00:00 0          [stack:5682]
62b50000-62b53000 ---p 00000000 00:00 0 
62b53000-62ba0000 rwxp 00000000 00:00 0          [stack:5681]
62ba0000-62ba3000 ---p 00000000 00:00 0 
62ba3000-62bf0000 rwxp 00000000 00:00 0          [stack:5680]
62bf0000-62bf3000 ---p 00000000 00:00 0 
62bf3000-62c40000 rwxp 00000000 00:00 0          [stack:5679]
62c40000-62c43000 ---p 00000000 00:00 0 
62c43000-62c90000 rwxp 00000000 00:00 0          [stack:5678]
62c90000-62c93000 ---p 00000000 00:00 0 
62c93000-62ce0000 rwxp 00000000 00:00 0          [stack:5677]
62ce0000-62ce3000 ---p 00000000 00:00 0 
62ce3000-62d30000 rwxp 00000000 00:00 0          [stack:5676]
62d30000-62d33000 ---p 00000000 00:00 0 
62d33000-62d80000 rwxp 00000000 00:00 0          [stack:5675]
62d80000-62e80000 rw-p 00000000 00:00 0 
62e80000-62e83000 ---p 00000000 00:00 0 
62e83000-62ed0000 rwxp 00000000 00:00 0          [stack:5674]
62ed0000-62ed3000 ---p 00000000 00:00 0 
62ed3000-62f20000 rwxp 00000000 00:00 0          [stack:5673]
62f20000-62f23000 ---p 00000000 00:00 0 
62f23000-62f70000 rwxp 00000000 00:00 0          [stack:5672]
62f70000-62f73000 ---p 00000000 00:00 0 
62f73000-62fc0000 rwxp 00000000 00:00 0          [stack:5671]
62fc0000-62fc3000 ---p 00000000 00:00 0 
62fc3000-63010000 rwxp 00000000 00:00 0          [stack:5670]
63010000-63013000 ---p 00000000 00:00 0 
63013000-63060000 rwxp 00000000 00:00 0          [stack:5669]
63060000-63063000 ---p 00000000 00:00 0 
63063000-630b0000 rwxp 00000000 00:00 0          [stack:5668]
630b0000-630b3000 ---p 00000000 00:00 0 
630b3000-63100000 rwxp 00000000 00:00 0          [stack:5667]
63100000-63200000 rw-p 00000000 00:00 0 
63200000-63300000 rw-p 00000000 00:00 0 
63300000-633fa000 rw-p 00000000 00:00 0 
633fa000-63400000 ---p 00000000 00:00 0 
63400000-63500000 rw-p 00000000 00:00 0 
63500000-63600000 rw-p 00000000 00:00 0 
63600000-63700000 rw-p 00000000 00:00 0 
63700000-63787000 rw-p 00000000 00:00 0 
63787000-63800000 ---p 00000000 00:00 0 
63800000-63900000 rw-p 00000000 00:00 0 
63900000-639ff000 rw-p 00000000 00:00 0 
639ff000-63a00000 ---p 00000000 00:00 0 
63a00000-63aee000 rw-p 00000000 00:00 0 
63aee000-63b00000 ---p 00000000 00:00 0 
63b00000-63c00000 rw-p 00000000 00:00 0 
63c00000-63d00000 rw-p 00000000 00:00 0 
63d00000-63e00000 rw-p 00000000 00:00 0 
63e00000-63f00000 rw-p 00000000 00:00 0 
63f3f000-6403f000 rw-p 00000000 00:00 0 
6403f000-64200000 rw-p 00000000 00:00 0 
64200000-64300000 rw-p 00000000 00:00 0 
64330000-64333000 ---p 00000000 00:00 0 
64333000-64380000 rwxp 00000000 00:00 0          [stack:5666]
64380000-64500000 r--s 00f78000 b3:07 170222     /home/pi/P1DAQ/hivemq-3.1.0/bin/hivemq.jar
64500000-64521000 rw-p 00000000 00:00 0 
64521000-64600000 ---p 00000000 00:00 0 
6460b000-6461d000 r-xp 00000000 b3:07 270086     /lib/arm-linux-gnueabihf/libresolv-2.19.so
6461d000-6462c000 ---p 00012000 b3:07 270086     /lib/arm-linux-gnueabihf/libresolv-2.19.so
6462c000-6462d000 r--p 00011000 b3:07 270086     /lib/arm-linux-gnueabihf/libresolv-2.19.so
6462d000-6462e000 rw-p 00012000 b3:07 270086     /lib/arm-linux-gnueabihf/libresolv-2.19.so
6462e000-64630000 rw-p 00000000 00:00 0 
64630000-64633000 ---p 00000000 00:00 0 
64633000-64680000 rwxp 00000000 00:00 0          [stack:5626]
64680000-64681000 ---p 00000000 00:00 0 
64681000-64700000 rwxp 00000000 00:00 0          [stack:5625]
64700000-64800000 rw-p 00000000 00:00 0 
64809000-6480d000 r-xp 00000000 b3:07 270080     /lib/arm-linux-gnueabihf/libnss_dns-2.19.so
6480d000-6481c000 ---p 00004000 b3:07 270080     /lib/arm-linux-gnueabihf/libnss_dns-2.19.so
6481c000-6481d000 r--p 00003000 b3:07 270080     /lib/arm-linux-gnueabihf/libnss_dns-2.19.so
6481d000-6481e000 rw-p 00004000 b3:07 270080     /lib/arm-linux-gnueabihf/libnss_dns-2.19.so
64830000-64833000 ---p 00000000 00:00 0 
64833000-64880000 rwxp 00000000 00:00 0          [stack:5624]
64880000-64883000 ---p 00000000 00:00 0 
64883000-64900000 rwxp 00000000 00:00 0          [stack:5623]
64900000-64921000 rw-p 00000000 00:00 0 
64921000-64a00000 ---p 00000000 00:00 0 
64a06000-64a08000 r-xp 00000000 b3:07 266059     /lib/arm-linux-gnueabihf/libnss_mdns4_minimal.so.2
64a08000-64a0f000 ---p 00002000 b3:07 266059     /lib/arm-linux-gnueabihf/libnss_mdns4_minimal.so.2
64a0f000-64a10000 r--p 00001000 b3:07 266059     /lib/arm-linux-gnueabihf/libnss_mdns4_minimal.so.2
64a10000-64a11000 rw-p 00002000 b3:07 266059     /lib/arm-linux-gnueabihf/libnss_mdns4_minimal.so.2
64a11000-64a19000 r-xp 00000000 b3:07 169805     /usr/lib/jvm/jdk-8-oracle-arm32-vfp-hflt/jre/lib/arm/libmanagement.so
64a19000-64a20000 ---p 00008000 b3:07 169805     /usr/lib/jvm/jdk-8-oracle-arm32-vfp-hflt/jre/lib/arm/libmanagement.so
64a20000-64a21000 rw-p 00007000 b3:07 169805     /usr/lib/jvm/jdk-8-oracle-arm32-vfp-hflt/jre/lib/arm/libmanagement.so
64a21000-64a27000 r--s 0003f000 b3:07 169818     /usr/lib/jvm/jdk-8-oracle-arm32-vfp-hflt/jre/lib/ext/sunjce_provider.jar
64a27000-64a2a000 ---p 00000000 00:00 0 
64a2a000-64a77000 rwxp 00000000 00:00 0          [stack:5622]
64a77000-64c00000 r--p 00000000 b3:07 145477     /usr/lib/locale/locale-archive
64c00000-64c21000 rw-p 00000000 00:00 0 
64c21000-64d00000 ---p 00000000 00:00 0 
64d00000-64d27000 rw-p 00000000 00:00 0 
64d27000-64e00000 ---p 00000000 00:00 0 
64e00000-64e3d000 rw-p 00000000 00:00 0 
64e3d000-64f00000 ---p 00000000 00:00 0 
64f01000-64f30000 r-xp 00000000 b3:07 169785     /usr/lib/jvm/jdk-8-oracle-arm32-vfp-hflt/jre/lib/arm/libsunec.so
64f30000-64f38000 ---p 0002f000 b3:07 169785     /usr/lib/jvm/jdk-8-oracle-arm32-vfp-hflt/jre/lib/arm/libsunec.so
64f38000-64f3b000 rw-p 0002f000 b3:07 169785     /usr/lib/jvm/jdk-8-oracle-arm32-vfp-hflt/jre/lib/arm/libsunec.so
64f3b000-64f40000 rw-p 00000000 00:00 0 
64f40000-64f4f000 r--s 000ac000 b3:07 170495     /home/pi/P1DAQ/hivemq-3.1.0/plugins/mqtt-message-log-3.0.0.jar
64f4f000-64f52000 ---p 00000000 00:00 0 
64f52000-64f9f000 rwxp 00000000 00:00 0          [stack:5621]
64f9f000-64fa2000 ---p 00000000 00:00 0 
64fa2000-64fef000 rwxp 00000000 00:00 0          [stack:5620]
64fef000-64ff0000 ---p 00000000 00:00 0 
64ff0000-6506f000 rwxp 00000000 00:00 0          [stack:5619]
6506f000-650be000 rw-p 00000000 00:00 0 
650be000-65296000 r--s 03d20000 b3:07 169764     /usr/lib/jvm/jdk-8-oracle-arm32-vfp-hflt/jre/lib/rt.jar
65296000-65737000 rw-p 00000000 00:00 0 
65737000-6573d000 ---p 00000000 00:00 0 
6573d000-65758000 rw-p 00000000 00:00 0 
65758000-6578b000 ---p 00000000 00:00 0 
6578b000-65799000 rw-p 00000000 00:00 0 
65799000-657b1000 ---p 00000000 00:00 0 
657b1000-657cd000 rw-p 00000000 00:00 0 
657cd000-657ff000 ---p 00000000 00:00 0 
657ff000-67300000 rw-p 00000000 00:00 0 
67300000-6a540000 ---p 00000000 00:00 0 
6a540000-6db2c000 rw-p 00000000 00:00 0 
6db2c000-74000000 ---p 00000000 00:00 0 
74002000-74013000 r--s 000b6000 b3:07 170251     /home/pi/P1DAQ/hivemq-3.1.0/plugins/hivemq-sys-topic-plugin-3.0.0.jar
74013000-74021000 r-xp 00000000 b3:07 169802     /usr/lib/jvm/jdk-8-oracle-arm32-vfp-hflt/jre/lib/arm/libnio.so
74021000-74028000 ---p 0000e000 b3:07 169802     /usr/lib/jvm/jdk-8-oracle-arm32-vfp-hflt/jre/lib/arm/libnio.so
74028000-74029000 rw-p 0000d000 b3:07 169802     /usr/lib/jvm/jdk-8-oracle-arm32-vfp-hflt/jre/lib/arm/libnio.so
74029000-7403c000 r-xp 00000000 b3:07 169796     /usr/lib/jvm/jdk-8-oracle-arm32-vfp-hflt/jre/lib/arm/libnet.so
7403c000-74044000 ---p 00013000 b3:07 169796     /usr/lib/jvm/jdk-8-oracle-arm32-vfp-hflt/jre/lib/arm/libnet.so
74044000-74045000 rw-p 00013000 b3:07 169796     /usr/lib/jvm/jdk-8-oracle-arm32-vfp-hflt/jre/lib/arm/libnet.so
74045000-7404e000 rw-p 00000000 00:00 0 
7404e000-740c5000 ---p 00000000 00:00 0 
740c5000-742dd000 rwxp 00000000 00:00 0 
742dd000-760c5000 ---p 00000000 00:00 0 
760c5000-760dc000 r-xp 00000000 b3:07 169779     /usr/lib/jvm/jdk-8-oracle-arm32-vfp-hflt/jre/lib/arm/libzip.so
760dc000-760e3000 ---p 00017000 b3:07 169779     /usr/lib/jvm/jdk-8-oracle-arm32-vfp-hflt/jre/lib/arm/libzip.so
760e3000-760e4000 rw-p 00016000 b3:07 169779     /usr/lib/jvm/jdk-8-oracle-arm32-vfp-hflt/jre/lib/arm/libzip.so
760e4000-760ef000 r-xp 00000000 b3:07 270081     /lib/arm-linux-gnueabihf/libnss_files-2.19.so
760ef000-760fe000 ---p 0000b000 b3:07 270081     /lib/arm-linux-gnueabihf/libnss_files-2.19.so
760fe000-760ff000 r--p 0000a000 b3:07 270081     /lib/arm-linux-gnueabihf/libnss_files-2.19.so
760ff000-76100000 rw-p 0000b000 b3:07 270081     /lib/arm-linux-gnueabihf/libnss_files-2.19.so
76100000-761e1000 rw-p 00000000 00:00 0 
761e1000-76200000 ---p 00000000 00:00 0 
76202000-76203000 rw-p 00000000 00:00 0 
76203000-76204000 r--s 00009000 b3:07 169816     /usr/lib/jvm/jdk-8-oracle-arm32-vfp-hflt/jre/lib/ext/sunec.jar
76204000-76207000 r--s 0001a000 b3:07 169826     /usr/lib/jvm/jdk-8-oracle-arm32-vfp-hflt/jre/lib/jce.jar
76207000-7620c000 r--s 00096000 b3:07 166277     /usr/lib/jvm/jdk-8-oracle-arm32-vfp-hflt/jre/lib/jsse.jar
7620c000-7620d000 r--s 00001000 b3:07 170250     /home/pi/P1DAQ/hivemq-3.1.0/plugins/hivemq-jmx-metrics-plugin-3.0.0.jar
7620d000-76216000 r-xp 00000000 b3:07 270083     /lib/arm-linux-gnueabihf/libnss_nis-2.19.so
76216000-76225000 ---p 00009000 b3:07 270083     /lib/arm-linux-gnueabihf/libnss_nis-2.19.so
76225000-76226000 r--p 00008000 b3:07 270083     /lib/arm-linux-gnueabihf/libnss_nis-2.19.so
76226000-76227000 rw-p 00009000 b3:07 270083     /lib/arm-linux-gnueabihf/libnss_nis-2.19.so
76227000-76238000 r-xp 00000000 b3:07 270076     /lib/arm-linux-gnueabihf/libnsl-2.19.so
76238000-76247000 ---p 00011000 b3:07 270076     /lib/arm-linux-gnueabihf/libnsl-2.19.so
76247000-76248000 r--p 00010000 b3:07 270076     /lib/arm-linux-gnueabihf/libnsl-2.19.so
76248000-76249000 rw-p 00011000 b3:07 270076     /lib/arm-linux-gnueabihf/libnsl-2.19.so
76249000-7624b000 rw-p 00000000 00:00 0 
7624b000-76252000 r-xp 00000000 b3:07 270078     /lib/arm-linux-gnueabihf/libnss_compat-2.19.so
76252000-76261000 ---p 00007000 b3:07 270078     /lib/arm-linux-gnueabihf/libnss_compat-2.19.so
76261000-76262000 r--p 00006000 b3:07 270078     /lib/arm-linux-gnueabihf/libnss_compat-2.19.so
76262000-76263000 rw-p 00007000 b3:07 270078     /lib/arm-linux-gnueabihf/libnss_compat-2.19.so
76263000-76275000 r--s 00345000 b3:07 169339     /usr/lib/jvm/jdk-8-oracle-arm32-vfp-hflt/jre/lib/resources.jar
76275000-76298000 r-xp 00000000 b3:07 169804     /usr/lib/jvm/jdk-8-oracle-arm32-vfp-hflt/jre/lib/arm/libjava.so
76298000-762a0000 ---p 00023000 b3:07 169804     /usr/lib/jvm/jdk-8-oracle-arm32-vfp-hflt/jre/lib/arm/libjava.so
762a0000-762a1000 rw-p 00023000 b3:07 169804     /usr/lib/jvm/jdk-8-oracle-arm32-vfp-hflt/jre/lib/arm/libjava.so
762a1000-762a7000 r-xp 00000000 b3:07 270106     /lib/arm-linux-gnueabihf/librt-2.19.so
762a7000-762b6000 ---p 00006000 b3:07 270106     /lib/arm-linux-gnueabihf/librt-2.19.so
762b6000-762b7000 r--p 00005000 b3:07 270106     /lib/arm-linux-gnueabihf/librt-2.19.so
762b7000-762b8000 rw-p 00006000 b3:07 270106     /lib/arm-linux-gnueabihf/librt-2.19.so
762b8000-762bb000 ---p 00000000 00:00 0 
762bb000-76308000 rwxp 00000000 00:00 0          [stack:5618]
76308000-76371000 r-xp 00000000 b3:07 270074     /lib/arm-linux-gnueabihf/libm-2.19.so
76371000-76381000 ---p 00069000 b3:07 270074     /lib/arm-linux-gnueabihf/libm-2.19.so
76381000-76382000 r--p 00069000 b3:07 270074     /lib/arm-linux-gnueabihf/libm-2.19.so
76382000-76383000 rw-p 0006a000 b3:07 270074     /lib/arm-linux-gnueabihf/libm-2.19.so
76383000-76906000 r-xp 00000000 b3:07 169777     /usr/lib/jvm/jdk-8-oracle-arm32-vfp-hflt/jre/lib/arm/client/libjvm.so
76906000-7690e000 ---p 00583000 b3:07 169777     /usr/lib/jvm/jdk-8-oracle-arm32-vfp-hflt/jre/lib/arm/client/libjvm.so
7690e000-7693a000 rw-p 00583000 b3:07 169777     /usr/lib/jvm/jdk-8-oracle-arm32-vfp-hflt/jre/lib/arm/client/libjvm.so
7693a000-76d5d000 rw-p 00000000 00:00 0 
76d5d000-76d7a000 r-xp 00000000 b3:07 266001     /lib/arm-linux-gnueabihf/libgcc_s.so.1
76d7a000-76d89000 ---p 0001d000 b3:07 266001     /lib/arm-linux-gnueabihf/libgcc_s.so.1
76d89000-76d8a000 rw-p 0001c000 b3:07 266001     /lib/arm-linux-gnueabihf/libgcc_s.so.1
76d8a000-76eb5000 r-xp 00000000 b3:07 270070     /lib/arm-linux-gnueabihf/libc-2.19.so
76eb5000-76ec5000 ---p 0012b000 b3:07 270070     /lib/arm-linux-gnueabihf/libc-2.19.so
76ec5000-76ec7000 r--p 0012b000 b3:07 270070     /lib/arm-linux-gnueabihf/libc-2.19.so
76ec7000-76ec8000 rw-p 0012d000 b3:07 270070     /lib/arm-linux-gnueabihf/libc-2.19.so
76ec8000-76ecb000 rw-p 00000000 00:00 0 
76ecb000-76ecd000 r-xp 00000000 b3:07 270073     /lib/arm-linux-gnueabihf/libdl-2.19.so
76ecd000-76edc000 ---p 00002000 b3:07 270073     /lib/arm-linux-gnueabihf/libdl-2.19.so
76edc000-76edd000 r--p 00001000 b3:07 270073     /lib/arm-linux-gnueabihf/libdl-2.19.so
76edd000-76ede000 rw-p 00002000 b3:07 270073     /lib/arm-linux-gnueabihf/libdl-2.19.so
76ede000-76ef2000 r-xp 00000000 b3:07 169807     /usr/lib/jvm/jdk-8-oracle-arm32-vfp-hflt/jre/lib/arm/jli/libjli.so
76ef2000-76efa000 ---p 00014000 b3:07 169807     /usr/lib/jvm/jdk-8-oracle-arm32-vfp-hflt/jre/lib/arm/jli/libjli.so
76efa000-76efb000 rw-p 00014000 b3:07 169807     /usr/lib/jvm/jdk-8-oracle-arm32-vfp-hflt/jre/lib/arm/jli/libjli.so
76efb000-76f0f000 r-xp 00000000 b3:07 270113     /lib/arm-linux-gnueabihf/libpthread-2.19.so
76f0f000-76f1f000 ---p 00014000 b3:07 270113     /lib/arm-linux-gnueabihf/libpthread-2.19.so
76f1f000-76f20000 r--p 00014000 b3:07 270113     /lib/arm-linux-gnueabihf/libpthread-2.19.so
76f20000-76f21000 rw-p 00015000 b3:07 270113     /lib/arm-linux-gnueabihf/libpthread-2.19.so
76f21000-76f23000 rw-p 00000000 00:00 0 
76f23000-76f2c000 r-xp 00000000 b3:07 169810     /usr/lib/jvm/jdk-8-oracle-arm32-vfp-hflt/jre/lib/arm/libverify.so
76f2c000-76f34000 ---p 00009000 b3:07 169810     /usr/lib/jvm/jdk-8-oracle-arm32-vfp-hflt/jre/lib/arm/libverify.so
76f34000-76f35000 rw-p 00009000 b3:07 169810     /usr/lib/jvm/jdk-8-oracle-arm32-vfp-hflt/jre/lib/arm/libverify.so
76f35000-76f3a000 r-xp 00000000 b3:07 149803     /usr/lib/arm-linux-gnueabihf/libarmmem.so
76f3a000-76f49000 ---p 00005000 b3:07 149803     /usr/lib/arm-linux-gnueabihf/libarmmem.so
76f49000-76f4a000 rw-p 00004000 b3:07 149803     /usr/lib/arm-linux-gnueabihf/libarmmem.so
76f4a000-76f6a000 r-xp 00000000 b3:07 270067     /lib/arm-linux-gnueabihf/ld-2.19.so
76f6a000-76f6b000 r--p 00000000 b3:07 6837       /usr/share/locale/en_GB/LC_MESSAGES/libc.mo
76f6b000-76f73000 rw-s 00000000 b3:07 168184     /tmp/hsperfdata_pi/5617
76f73000-76f74000 r--p 00000000 00:00 0 
76f74000-76f77000 rw-p 00000000 00:00 0 
76f77000-76f79000 rw-p 00000000 00:00 0 
76f79000-76f7a000 r--p 0001f000 b3:07 270067     /lib/arm-linux-gnueabihf/ld-2.19.so
76f7a000-76f7b000 rw-p 00020000 b3:07 270067     /lib/arm-linux-gnueabihf/ld-2.19.so
7ea57000-7ea78000 rwxp 00000000 00:00 0          [stack]
7ed26000-7ed27000 r-xp 00000000 00:00 0          [sigpage]
7ed27000-7ed28000 r--p 00000000 00:00 0          [vvar]
7ed28000-7ed29000 r-xp 00000000 00:00 0          [vdso]
ffff0000-ffff1000 r-xp 00000000 00:00 0          [vectors]

VM Arguments:
jvm_args: -Dhivemq.home=/home/pi/P1DAQ/hivemq-3.1.0 -Djava.net.preferIPv4Stack=true -XX:-UseSplitVerifier -Xverify:none -XX:+HeapDumpOnOutOfMemoryError -XX:HeapDumpPath=/home/pi/P1DAQ/hivemq-3.1.0/heap-dump.hprof 
java_command: /home/pi/P1DAQ/hivemq-3.1.0/bin/hivemq.jar
java_class_path (initial): /home/pi/P1DAQ/hivemq-3.1.0/bin/hivemq.jar
Launcher Type: SUN_STANDARD

Environment Variables:
PATH=/usr/local/sbin:/usr/local/bin:/usr/sbin:/usr/bin:/sbin:/bin:/usr/local/games:/usr/games
SHELL=/bin/bash
DISPLAY=:0.0

Signal Handlers:
SIGSEGV: [libjvm.so+0x506638], sa_mask[0]=11111111011111111101111111111110, sa_flags=SA_RESTART|SA_SIGINFO
SIGBUS: [libjvm.so+0x506638], sa_mask[0]=11111111011111111101111111111110, sa_flags=SA_RESTART|SA_SIGINFO
SIGFPE: [libjvm.so+0x3fd4ec], sa_mask[0]=11111111011111111101111111111110, sa_flags=SA_RESTART|SA_SIGINFO
SIGPIPE: [libjvm.so+0x3fd4ec], sa_mask[0]=11111111011111111101111111111110, sa_flags=SA_RESTART|SA_SIGINFO
SIGXFSZ: [libjvm.so+0x3fd4ec], sa_mask[0]=11111111011111111101111111111110, sa_flags=SA_RESTART|SA_SIGINFO
SIGILL: [libjvm.so+0x3fd4ec], sa_mask[0]=11111111011111111101111111111110, sa_flags=SA_RESTART|SA_SIGINFO
SIGUSR1: SIG_DFL, sa_mask[0]=00000000000000000000000000000000, sa_flags=none
SIGUSR2: [libjvm.so+0x3fd650], sa_mask[0]=00000000000000000000000000000000, sa_flags=SA_RESTART|SA_SIGINFO
SIGHUP: [libjvm.so+0x3fda84], sa_mask[0]=11111111011111111101111111111110, sa_flags=SA_RESTART|SA_SIGINFO
SIGINT: [libjvm.so+0x3fda84], sa_mask[0]=11111111011111111101111111111110, sa_flags=SA_RESTART|SA_SIGINFO
SIGTERM: [libjvm.so+0x3fda84], sa_mask[0]=11111111011111111101111111111110, sa_flags=SA_RESTART|SA_SIGINFO
SIGQUIT: [libjvm.so+0x3fda84], sa_mask[0]=11111111011111111101111111111110, sa_flags=SA_RESTART|SA_SIGINFO


---------------  S Y S T E M  ---------------

OS:PRETTY_NAME="Raspbian GNU/Linux 8 (jessie)"
NAME="Raspbian GNU/Linux"
VERSION_ID="8"
VERSION="8 (jessie)"
ID=raspbian
ID_LIKE=debian
HOME_URL="http://www.raspbian.org/"
SUPPORT_URL="http://www.raspbian.org/RaspbianForums"
BUG_REPORT_URL="http://www.raspbian.org/RaspbianBugs"

uname:Linux 4.1.18-v7+ #846 SMP Thu Feb 25 14:22:53 GMT 2016 armv7l
libc:glibc 2.19 NPTL 2.19 
rlimit: STACK 8192k, CORE 0k, NPROC 7339, NOFILE 65536, AS infinity
load average:0.51 0.23 0.16

/proc/meminfo:
MemTotal:         948060 kB
MemFree:          502104 kB
MemAvailable:     710516 kB
Buffers:           26484 kB
Cached:           204276 kB
SwapCached:            0 kB
Active:           347944 kB
Inactive:          60272 kB
Active(anon):     177844 kB
Inactive(anon):     7228 kB
Active(file):     170100 kB
Inactive(file):    53044 kB
Unevictable:           0 kB
Mlocked:               0 kB
SwapTotal:        102396 kB
SwapFree:         102396 kB
Dirty:                88 kB
Writeback:             0 kB
AnonPages:        177628 kB
Mapped:            58444 kB
Shmem:              7620 kB
Slab:              22232 kB
SReclaimable:      11492 kB
SUnreclaim:        10740 kB
KernelStack:        1640 kB
PageTables:         2624 kB
NFS_Unstable:          0 kB
Bounce:                0 kB
WritebackTmp:          0 kB
CommitLimit:      576424 kB
Committed_AS:     777932 kB
VmallocTotal:    1105920 kB
VmallocUsed:        4028 kB
VmallocChunk:     877304 kB
CmaTotal:           8192 kB
CmaFree:            3732 kB


CPU:total 4 (ARMv7), vfp

/proc/cpuinfo:
processor	: 0
model name	: ARMv7 Processor rev 5 (v7l)
BogoMIPS	: 57.60
Features	: half thumb fastmult vfp edsp neon vfpv3 tls vfpv4 idiva idivt vfpd32 lpae evtstrm 
CPU implementer	: 0x41
CPU architecture: 7
CPU variant	: 0x0
CPU part	: 0xc07
CPU revision	: 5

processor	: 1
model name	: ARMv7 Processor rev 5 (v7l)
BogoMIPS	: 57.60
Features	: half thumb fastmult vfp edsp neon vfpv3 tls vfpv4 idiva idivt vfpd32 lpae evtstrm 
CPU implementer	: 0x41
CPU architecture: 7
CPU variant	: 0x0
CPU part	: 0xc07
CPU revision	: 5

processor	: 2
model name	: ARMv7 Processor rev 5 (v7l)
BogoMIPS	: 57.60
Features	: half thumb fastmult vfp edsp neon vfpv3 tls vfpv4 idiva idivt vfpd32 lpae evtstrm 
CPU implementer	: 0x41
CPU architecture: 7
CPU variant	: 0x0
CPU part	: 0xc07
CPU revision	: 5

processor	: 3
model name	: ARMv7 Processor rev 5 (v7l)
BogoMIPS	: 57.60
Features	: half thumb fastmult vfp edsp neon vfpv3 tls vfpv4 idiva idivt vfpd32 lpae evtstrm 
CPU implementer	: 0x41
CPU architecture: 7
CPU variant	: 0x0
CPU part	: 0xc07
CPU revision	: 5

Hardware	: BCM2709
Revision	: a01041
Serial		: 00000000d13ead74


Memory: 4k page, physical 948060k(502404k free), swap 102396k(102396k free)

vm_info: Java HotSpot(TM) Client VM (25.65-b01) for linux-arm-vfp-hflt JRE (1.8.0_65-b17), built on Oct  6 2015 16:19:04 by "java_re" with gcc 4.7.2 20120910 (prerelease)

time: Wed Mar  9 18:38:13 2016
elapsed time: 19 seconds (0d 0h 0m 19s)

