2016-03-09 18:01:57,298 INFO  - Starting HiveMQ Server
2016-03-09 18:01:57,337 INFO  - HiveMQ version: 3.1.0
2016-03-09 18:01:57,345 INFO  - HiveMQ home directory: /home/pi/P1DAQ/hivemq-3.1.0
2016-03-09 18:01:59,104 INFO  - This node's cluster-ID is mHutF
2016-03-09 18:02:00,747 INFO  - Created user preferences directory.
2016-03-09 18:02:14,557 INFO  - Loaded Plugin HiveMQ Sys Topic Plugin - v3.0.0
2016-03-09 18:02:14,560 INFO  - Loaded Plugin HiveMQ JMX Metrics Reporting Plugin - v3.0.0
2016-03-09 18:02:14,674 INFO  - JMX Metrics Reporting started.
2016-03-09 18:02:14,685 INFO  - Starting TCP listener on address 0.0.0.0 and port 1883
2016-03-09 18:02:14,771 INFO  - Started TCP Listener on address 0.0.0.0 and on port 1883
2016-03-09 18:02:14,775 INFO  - Started HiveMQ in 17449ms
2016-03-09 18:27:10,631 INFO  - Shutting down HiveMQ. Please wait, this could take a while...
2016-03-09 18:30:02,248 INFO  - Starting HiveMQ Server
2016-03-09 18:30:02,277 INFO  - HiveMQ version: 3.1.0
2016-03-09 18:30:02,284 INFO  - HiveMQ home directory: /home/pi/P1DAQ/hivemq-3.1.0
2016-03-09 18:30:03,878 INFO  - This node's cluster-ID is OlX2v
2016-03-09 18:30:18,080 INFO  - Loaded Plugin HiveMQ Sys Topic Plugin - v3.0.0
2016-03-09 18:30:18,083 INFO  - Loaded Plugin HiveMQ JMX Metrics Reporting Plugin - v3.0.0
2016-03-09 18:30:18,084 INFO  - Loaded Plugin HiveMQ MQTT Message Log Plugin - v3.0.0
2016-03-09 18:30:18,200 INFO  - JMX Metrics Reporting started.
2016-03-09 18:30:18,213 INFO  - Starting TCP listener on address 0.0.0.0 and port 1883
2016-03-09 18:30:18,293 INFO  - Started TCP Listener on address 0.0.0.0 and on port 1883
2016-03-09 18:30:18,297 INFO  - Started HiveMQ in 16030ms
2016-03-09 18:37:21,920 INFO  - No valid license file found. Using evaluation license, restricted to 25 connections.
2016-03-09 18:37:56,225 INFO  - Starting HiveMQ Server
2016-03-09 18:37:56,252 INFO  - HiveMQ version: 3.1.0
2016-03-09 18:37:56,260 INFO  - HiveMQ home directory: /home/pi/P1DAQ/hivemq-3.1.0
2016-03-09 18:37:57,815 INFO  - This node's cluster-ID is wkt1A
2016-03-09 18:38:12,570 INFO  - Loaded Plugin HiveMQ Sys Topic Plugin - v3.0.0
2016-03-09 18:38:12,572 INFO  - Loaded Plugin HiveMQ JMX Metrics Reporting Plugin - v3.0.0
2016-03-09 18:38:12,573 INFO  - Loaded Plugin HiveMQ MQTT Message Log Plugin - v3.0.0
2016-03-09 18:38:12,672 INFO  - JMX Metrics Reporting started.
2016-03-09 18:38:12,690 INFO  - Starting TCP listener on address 0.0.0.0 and port 1883
2016-03-09 18:38:12,757 INFO  - Started TCP Listener on address 0.0.0.0 and on port 1883
2016-03-09 18:38:12,761 INFO  - Started HiveMQ in 16518ms
2016-03-09 18:38:13,452 INFO  - No valid license file found. Using evaluation license, restricted to 25 connections.
2016-03-09 18:47:07,371 INFO  - Starting HiveMQ Server
2016-03-09 18:47:07,399 INFO  - HiveMQ version: 3.1.0
2016-03-09 18:47:07,406 INFO  - HiveMQ home directory: /home/pi/P1DAQ/hivemq-3.1.0
2016-03-09 18:47:08,985 INFO  - This node's cluster-ID is toY4k
2016-03-09 18:47:22,982 INFO  - Loaded Plugin HiveMQ Sys Topic Plugin - v3.0.0
2016-03-09 18:47:22,984 INFO  - Loaded Plugin HiveMQ JMX Metrics Reporting Plugin - v3.0.0
2016-03-09 18:47:22,986 INFO  - Loaded Plugin HiveMQ MQTT Message Log Plugin - v3.0.0
2016-03-09 18:47:23,085 INFO  - JMX Metrics Reporting started.
2016-03-09 18:47:23,096 INFO  - Starting TCP listener on address 0.0.0.0 and port 1883
2016-03-09 18:47:23,165 INFO  - Started TCP Listener on address 0.0.0.0 and on port 1883
2016-03-09 18:47:23,168 INFO  - Started HiveMQ in 15779ms
2016-03-09 18:47:30,121 INFO  - No valid license file found. Using evaluation license, restricted to 25 connections.
2016-03-09 18:49:57,934 INFO  - Starting HiveMQ Server
2016-03-09 18:49:57,959 INFO  - HiveMQ version: 3.1.0
2016-03-09 18:49:57,966 INFO  - HiveMQ home directory: /home/pi/P1DAQ/hivemq-3.1.0
2016-03-09 18:49:59,474 INFO  - This node's cluster-ID is 9JDJH
2016-03-09 18:50:14,005 INFO  - Loaded Plugin HiveMQ Sys Topic Plugin - v3.0.0
2016-03-09 18:50:14,007 INFO  - Loaded Plugin HiveMQ JMX Metrics Reporting Plugin - v3.0.0
2016-03-09 18:50:14,009 INFO  - Loaded Plugin HiveMQ MQTT Message Log Plugin - v3.0.0
2016-03-09 18:50:14,107 INFO  - JMX Metrics Reporting started.
2016-03-09 18:50:14,119 INFO  - Starting TCP listener on address 0.0.0.0 and port 1883
2016-03-09 18:50:14,181 INFO  - Started TCP Listener on address 0.0.0.0 and on port 1883
2016-03-09 18:50:14,184 INFO  - Started HiveMQ in 16234ms
2016-03-09 18:50:17,646 INFO  - No valid license file found. Using evaluation license, restricted to 25 connections.
